[2025-05-23 12:19:35,217] INFO - HTTP Request: POST https://api.telegram.org/bot7685786328:AAEilDDS65J7-GB43i1LlaCJWJ3bx3i7nWs/getMe "HTTP/1.1 200 OK"
[2025-05-23 12:19:35,405] INFO - HTTP Request: POST https://api.telegram.org/bot7685786328:AAEilDDS65J7-GB43i1LlaCJWJ3bx3i7nWs/deleteWebhook "HTTP/1.1 200 OK"
[2025-05-23 12:19:35,420] INFO - Application started
[2025-05-23 12:19:35,967] INFO - HTTP Request: POST https://api.telegram.org/bot7685786328:AAEilDDS65J7-GB43i1LlaCJWJ3bx3i7nWs/getUpdates "HTTP/1.1 200 OK"
[2025-05-23 12:19:36,336] INFO - HTTP Request: POST https://api.telegram.org/bot7685786328:AAEilDDS65J7-GB43i1LlaCJWJ3bx3i7nWs/sendMessage "HTTP/1.1 200 OK"
[2025-05-23 12:19:37,464] INFO - 
LiteLLM completion() model= gpt-4o; provider = openai
[2025-05-23 12:19:40,165] INFO - HTTP Request: POST https://api.openai.com/v1/chat/completions "HTTP/1.1 200 OK"
[2025-05-23 12:19:40,181] INFO - Wrapper: Completed Call, calling success_handler
[2025-05-23 12:19:41,159] INFO - 
LiteLLM completion() model= gpt-4o; provider = openai
[2025-05-23 12:19:44,518] INFO - HTTP Request: POST https://api.openai.com/v1/chat/completions "HTTP/1.1 200 OK"
[2025-05-23 12:19:44,534] INFO - Wrapper: Completed Call, calling success_handler
[2025-05-23 12:19:45,495] INFO - 
LiteLLM completion() model= gpt-4o; provider = openai
[2025-05-23 12:19:47,536] INFO - HTTP Request: POST https://api.openai.com/v1/chat/completions "HTTP/1.1 200 OK"
[2025-05-23 12:19:47,557] INFO - Wrapper: Completed Call, calling success_handler
[2025-05-23 12:19:49,058] INFO - HTTP Request: POST https://auqqnqqaozwzzomepnih.supabase.co/rest/v1/rpc/run_sql "HTTP/2 200 OK"
[2025-05-23 12:19:49,113] INFO - HTTP Request: POST https://auqqnqqaozwzzomepnih.supabase.co/rest/v1/rpc/run_sql "HTTP/2 200 OK"
[2025-05-23 12:19:49,181] INFO - HTTP Request: POST https://auqqnqqaozwzzomepnih.supabase.co/rest/v1/rpc/run_sql "HTTP/2 200 OK"
[2025-05-23 12:19:49,231] INFO - HTTP Request: POST https://auqqnqqaozwzzomepnih.supabase.co/rest/v1/rpc/run_sql "HTTP/2 200 OK"
[2025-05-23 12:19:49,314] INFO - HTTP Request: POST https://auqqnqqaozwzzomepnih.supabase.co/rest/v1/rpc/run_sql "HTTP/2 200 OK"
[2025-05-23 12:19:49,397] INFO - HTTP Request: POST https://auqqnqqaozwzzomepnih.supabase.co/rest/v1/rpc/run_sql "HTTP/2 200 OK"
[2025-05-23 12:19:49,446] INFO - HTTP Request: POST https://auqqnqqaozwzzomepnih.supabase.co/rest/v1/rpc/run_sql "HTTP/2 200 OK"
[2025-05-23 12:19:49,648] INFO - HTTP Request: POST https://auqqnqqaozwzzomepnih.supabase.co/rest/v1/rpc/run_sql "HTTP/2 200 OK"
[2025-05-23 12:19:49,712] INFO - HTTP Request: POST https://auqqnqqaozwzzomepnih.supabase.co/rest/v1/rpc/run_sql "HTTP/2 200 OK"
[2025-05-23 12:19:49,765] INFO - HTTP Request: POST https://auqqnqqaozwzzomepnih.supabase.co/rest/v1/rpc/run_sql "HTTP/2 200 OK"
[2025-05-23 12:19:49,816] INFO - HTTP Request: POST https://auqqnqqaozwzzomepnih.supabase.co/rest/v1/rpc/run_sql "HTTP/2 200 OK"
[2025-05-23 12:19:49,863] INFO - HTTP Request: POST https://auqqnqqaozwzzomepnih.supabase.co/rest/v1/rpc/run_sql "HTTP/2 200 OK"
[2025-05-23 12:19:49,917] INFO - HTTP Request: POST https://auqqnqqaozwzzomepnih.supabase.co/rest/v1/rpc/run_sql "HTTP/2 200 OK"
[2025-05-23 12:19:49,966] INFO - HTTP Request: POST https://auqqnqqaozwzzomepnih.supabase.co/rest/v1/rpc/run_sql "HTTP/2 200 OK"
[2025-05-23 12:19:49,999] INFO - HTTP Request: POST https://auqqnqqaozwzzomepnih.supabase.co/rest/v1/rpc/run_sql "HTTP/2 200 OK"
[2025-05-23 12:19:50,055] INFO - HTTP Request: POST https://auqqnqqaozwzzomepnih.supabase.co/rest/v1/rpc/run_sql "HTTP/2 200 OK"
[2025-05-23 12:19:50,066] INFO - HTTP Request: POST https://api.telegram.org/bot7685786328:AAEilDDS65J7-GB43i1LlaCJWJ3bx3i7nWs/getUpdates "HTTP/1.1 200 OK"
[2025-05-23 12:19:50,858] INFO - HTTP Request: POST https://api.telegram.org/bot7685786328:AAEilDDS65J7-GB43i1LlaCJWJ3bx3i7nWs/sendMessage "HTTP/1.1 200 OK"
[2025-05-23 12:20:00,255] INFO - HTTP Request: POST https://api.telegram.org/bot7685786328:AAEilDDS65J7-GB43i1LlaCJWJ3bx3i7nWs/getUpdates "HTTP/1.1 200 OK"
[2025-05-23 12:20:02,610] INFO - HTTP Request: POST https://api.telegram.org/bot7685786328:AAEilDDS65J7-GB43i1LlaCJWJ3bx3i7nWs/getUpdates "HTTP/1.1 200 OK"
[2025-05-23 12:20:03,411] INFO - HTTP Request: POST https://api.telegram.org/bot7685786328:AAEilDDS65J7-GB43i1LlaCJWJ3bx3i7nWs/answerCallbackQuery "HTTP/1.1 200 OK"
[2025-05-23 12:20:03,811] INFO - HTTP Request: POST https://api.telegram.org/bot7685786328:AAEilDDS65J7-GB43i1LlaCJWJ3bx3i7nWs/editMessageText "HTTP/1.1 200 OK"
[2025-05-23 12:20:03,961] INFO - HTTP Request: POST https://auqqnqqaozwzzomepnih.supabase.co/rest/v1/rpc/run_sql "HTTP/2 200 OK"
[2025-05-23 12:20:04,018] INFO - HTTP Request: POST https://auqqnqqaozwzzomepnih.supabase.co/rest/v1/rpc/run_sql "HTTP/2 200 OK"
[2025-05-23 12:20:04,074] INFO - HTTP Request: POST https://auqqnqqaozwzzomepnih.supabase.co/rest/v1/rpc/run_sql "HTTP/2 200 OK"
[2025-05-23 12:20:04,468] INFO - HTTP Request: POST https://api.telegram.org/bot7685786328:AAEilDDS65J7-GB43i1LlaCJWJ3bx3i7nWs/editMessageText "HTTP/1.1 200 OK"
[2025-05-23 12:20:04,873] INFO - HTTP Request: POST https://api.telegram.org/bot7685786328:AAEilDDS65J7-GB43i1LlaCJWJ3bx3i7nWs/sendMessage "HTTP/1.1 200 OK"
[2025-05-23 12:20:12,797] INFO - HTTP Request: POST https://api.telegram.org/bot7685786328:AAEilDDS65J7-GB43i1LlaCJWJ3bx3i7nWs/getUpdates "HTTP/1.1 200 OK"
[2025-05-23 12:20:22,417] INFO - HTTP Request: POST https://api.telegram.org/bot7685786328:AAEilDDS65J7-GB43i1LlaCJWJ3bx3i7nWs/getUpdates "HTTP/1.1 200 OK"
[2025-05-23 12:20:23,143] INFO - HTTP Request: POST https://api.telegram.org/bot7685786328:AAEilDDS65J7-GB43i1LlaCJWJ3bx3i7nWs/answerCallbackQuery "HTTP/1.1 200 OK"
[2025-05-23 12:20:23,511] INFO - HTTP Request: POST https://api.telegram.org/bot7685786328:AAEilDDS65J7-GB43i1LlaCJWJ3bx3i7nWs/editMessageText "HTTP/1.1 200 OK"
[2025-05-23 12:20:23,511] INFO - \U0001f4e8 [User 5010896550] Triggered Submit & Email.
[2025-05-23 12:20:23,916] INFO - HTTP Request: POST https://api.telegram.org/bot7685786328:AAEilDDS65J7-GB43i1LlaCJWJ3bx3i7nWs/editMessageText "HTTP/1.1 200 OK"
[2025-05-23 12:20:27,231] INFO - HTTP Request: POST https://api.telegram.org/bot7685786328:AAEilDDS65J7-GB43i1LlaCJWJ3bx3i7nWs/getUpdates "HTTP/1.1 200 OK"
[2025-05-23 12:20:27,593] INFO - HTTP Request: POST https://api.telegram.org/bot7685786328:AAEilDDS65J7-GB43i1LlaCJWJ3bx3i7nWs/answerCallbackQuery "HTTP/1.1 200 OK"
[2025-05-23 12:20:27,965] INFO - HTTP Request: POST https://api.telegram.org/bot7685786328:AAEilDDS65J7-GB43i1LlaCJWJ3bx3i7nWs/sendMessage "HTTP/1.1 200 OK"
[2025-05-23 12:20:29,236] INFO - HTTP Request: POST https://api.telegram.org/bot7685786328:AAEilDDS65J7-GB43i1LlaCJWJ3bx3i7nWs/getUpdates "HTTP/1.1 200 OK"
[2025-05-23 12:20:29,585] INFO - HTTP Request: POST https://api.telegram.org/bot7685786328:AAEilDDS65J7-GB43i1LlaCJWJ3bx3i7nWs/answerCallbackQuery "HTTP/1.1 200 OK"
[2025-05-23 12:20:29,969] INFO - HTTP Request: POST https://api.telegram.org/bot7685786328:AAEilDDS65J7-GB43i1LlaCJWJ3bx3i7nWs/editMessageText "HTTP/1.1 200 OK"
[2025-05-23 12:20:35,641] INFO - HTTP Request: POST https://api.telegram.org/bot7685786328:AAEilDDS65J7-GB43i1LlaCJWJ3bx3i7nWs/getUpdates "HTTP/1.1 200 OK"
[2025-05-23 12:20:36,473] INFO - HTTP Request: POST https://api.telegram.org/bot7685786328:AAEilDDS65J7-GB43i1LlaCJWJ3bx3i7nWs/answerCallbackQuery "HTTP/1.1 200 OK"
[2025-05-23 12:20:36,863] INFO - HTTP Request: POST https://api.telegram.org/bot7685786328:AAEilDDS65J7-GB43i1LlaCJWJ3bx3i7nWs/editMessageText "HTTP/1.1 200 OK"
[2025-05-23 12:20:45,839] INFO - HTTP Request: POST https://api.telegram.org/bot7685786328:AAEilDDS65J7-GB43i1LlaCJWJ3bx3i7nWs/getUpdates "HTTP/1.1 200 OK"
[2025-05-23 12:20:56,056] INFO - HTTP Request: POST https://api.telegram.org/bot7685786328:AAEilDDS65J7-GB43i1LlaCJWJ3bx3i7nWs/getUpdates "HTTP/1.1 200 OK"
[2025-05-23 12:21:06,254] INFO - HTTP Request: POST https://api.telegram.org/bot7685786328:AAEilDDS65J7-GB43i1LlaCJWJ3bx3i7nWs/getUpdates "HTTP/1.1 200 OK"
[2025-05-23 12:21:16,444] INFO - HTTP Request: POST https://api.telegram.org/bot7685786328:AAEilDDS65J7-GB43i1LlaCJWJ3bx3i7nWs/getUpdates "HTTP/1.1 200 OK"
[2025-05-23 12:21:26,637] INFO - HTTP Request: POST https://api.telegram.org/bot7685786328:AAEilDDS65J7-GB43i1LlaCJWJ3bx3i7nWs/getUpdates "HTTP/1.1 200 OK"
[2025-05-23 12:21:32,602] INFO - HTTP Request: POST https://api.telegram.org/bot7685786328:AAEilDDS65J7-GB43i1LlaCJWJ3bx3i7nWs/getUpdates "HTTP/1.1 200 OK"
[2025-05-23 12:21:33,370] INFO - HTTP Request: POST https://api.telegram.org/bot7685786328:AAEilDDS65J7-GB43i1LlaCJWJ3bx3i7nWs/sendMessage "HTTP/1.1 200 OK"
[2025-05-23 12:21:33,751] INFO - HTTP Request: POST https://api.telegram.org/bot7685786328:AAEilDDS65J7-GB43i1LlaCJWJ3bx3i7nWs/sendMessage "HTTP/1.1 200 OK"
[2025-05-23 12:21:34,160] INFO - HTTP Request: POST https://api.telegram.org/bot7685786328:AAEilDDS65J7-GB43i1LlaCJWJ3bx3i7nWs/sendMessage "HTTP/1.1 200 OK"
[2025-05-23 12:21:36,357] INFO - HTTP Request: POST https://api.telegram.org/bot7685786328:AAEilDDS65J7-GB43i1LlaCJWJ3bx3i7nWs/getUpdates "HTTP/1.1 200 OK"
[2025-05-23 12:21:36,723] INFO - HTTP Request: POST https://api.telegram.org/bot7685786328:AAEilDDS65J7-GB43i1LlaCJWJ3bx3i7nWs/answerCallbackQuery "HTTP/1.1 200 OK"
[2025-05-23 12:21:37,115] INFO - HTTP Request: POST https://api.telegram.org/bot7685786328:AAEilDDS65J7-GB43i1LlaCJWJ3bx3i7nWs/sendMessage "HTTP/1.1 200 OK"
[2025-05-23 12:21:45,305] INFO - HTTP Request: POST https://api.telegram.org/bot7685786328:AAEilDDS65J7-GB43i1LlaCJWJ3bx3i7nWs/getUpdates "HTTP/1.1 200 OK"
[2025-05-23 12:21:46,068] INFO - HTTP Request: POST https://api.telegram.org/bot7685786328:AAEilDDS65J7-GB43i1LlaCJWJ3bx3i7nWs/answerCallbackQuery "HTTP/1.1 200 OK"
[2025-05-23 12:21:46,439] INFO - HTTP Request: POST https://api.telegram.org/bot7685786328:AAEilDDS65J7-GB43i1LlaCJWJ3bx3i7nWs/editMessageText "HTTP/1.1 200 OK"
[2025-05-23 12:21:47,387] INFO - 
LiteLLM completion() model= gpt-4o; provider = openai
[2025-05-23 12:21:51,590] INFO - HTTP Request: POST https://api.openai.com/v1/chat/completions "HTTP/1.1 200 OK"
[2025-05-23 12:21:51,605] INFO - Wrapper: Completed Call, calling success_handler
[2025-05-23 12:21:52,106] INFO - HTTP Request: POST https://auqqnqqaozwzzomepnih.supabase.co/rest/v1/rpc/run_sql "HTTP/2 200 OK"
[2025-05-23 12:21:52,161] INFO - HTTP Request: POST https://auqqnqqaozwzzomepnih.supabase.co/rest/v1/rpc/run_sql "HTTP/2 200 OK"
[2025-05-23 12:21:52,309] INFO - HTTP Request: POST https://auqqnqqaozwzzomepnih.supabase.co/rest/v1/rpc/run_sql "HTTP/2 200 OK"
[2025-05-23 12:21:53,057] INFO - HTTP Request: POST https://api.telegram.org/bot7685786328:AAEilDDS65J7-GB43i1LlaCJWJ3bx3i7nWs/editMessageText "HTTP/1.1 200 OK"
[2025-05-23 12:21:55,510] INFO - HTTP Request: POST https://api.telegram.org/bot7685786328:AAEilDDS65J7-GB43i1LlaCJWJ3bx3i7nWs/getUpdates "HTTP/1.1 200 OK"
[2025-05-23 12:22:05,710] INFO - HTTP Request: POST https://api.telegram.org/bot7685786328:AAEilDDS65J7-GB43i1LlaCJWJ3bx3i7nWs/getUpdates "HTTP/1.1 200 OK"
[2025-05-23 12:22:15,903] INFO - HTTP Request: POST https://api.telegram.org/bot7685786328:AAEilDDS65J7-GB43i1LlaCJWJ3bx3i7nWs/getUpdates "HTTP/1.1 200 OK"
[2025-05-23 12:22:26,088] INFO - HTTP Request: POST https://api.telegram.org/bot7685786328:AAEilDDS65J7-GB43i1LlaCJWJ3bx3i7nWs/getUpdates "HTTP/1.1 200 OK"
[2025-05-23 12:22:36,287] INFO - HTTP Request: POST https://api.telegram.org/bot7685786328:AAEilDDS65J7-GB43i1LlaCJWJ3bx3i7nWs/getUpdates "HTTP/1.1 200 OK"
[2025-05-23 12:22:46,482] INFO - HTTP Request: POST https://api.telegram.org/bot7685786328:AAEilDDS65J7-GB43i1LlaCJWJ3bx3i7nWs/getUpdates "HTTP/1.1 200 OK"
[2025-05-23 12:22:56,659] INFO - HTTP Request: POST https://api.telegram.org/bot7685786328:AAEilDDS65J7-GB43i1LlaCJWJ3bx3i7nWs/getUpdates "HTTP/1.1 200 OK"
[2025-05-23 12:23:06,858] INFO - HTTP Request: POST https://api.telegram.org/bot7685786328:AAEilDDS65J7-GB43i1LlaCJWJ3bx3i7nWs/getUpdates "HTTP/1.1 200 OK"
[2025-05-23 12:23:17,058] INFO - HTTP Request: POST https://api.telegram.org/bot7685786328:AAEilDDS65J7-GB43i1LlaCJWJ3bx3i7nWs/getUpdates "HTTP/1.1 200 OK"
[2025-05-23 12:23:27,251] INFO - HTTP Request: POST https://api.telegram.org/bot7685786328:AAEilDDS65J7-GB43i1LlaCJWJ3bx3i7nWs/getUpdates "HTTP/1.1 200 OK"
[2025-05-23 12:23:37,466] INFO - HTTP Request: POST https://api.telegram.org/bot7685786328:AAEilDDS65J7-GB43i1LlaCJWJ3bx3i7nWs/getUpdates "HTTP/1.1 200 OK"
[2025-05-23 12:23:47,661] INFO - HTTP Request: POST https://api.telegram.org/bot7685786328:AAEilDDS65J7-GB43i1LlaCJWJ3bx3i7nWs/getUpdates "HTTP/1.1 200 OK"
[2025-05-23 12:23:57,858] INFO - HTTP Request: POST https://api.telegram.org/bot7685786328:AAEilDDS65J7-GB43i1LlaCJWJ3bx3i7nWs/getUpdates "HTTP/1.1 200 OK"
[2025-05-23 12:24:08,066] INFO - HTTP Request: POST https://api.telegram.org/bot7685786328:AAEilDDS65J7-GB43i1LlaCJWJ3bx3i7nWs/getUpdates "HTTP/1.1 200 OK"
[2025-05-23 12:24:18,263] INFO - HTTP Request: POST https://api.telegram.org/bot7685786328:AAEilDDS65J7-GB43i1LlaCJWJ3bx3i7nWs/getUpdates "HTTP/1.1 200 OK"
[2025-05-23 12:24:28,445] INFO - HTTP Request: POST https://api.telegram.org/bot7685786328:AAEilDDS65J7-GB43i1LlaCJWJ3bx3i7nWs/getUpdates "HTTP/1.1 200 OK"
[2025-05-23 12:24:38,635] INFO - HTTP Request: POST https://api.telegram.org/bot7685786328:AAEilDDS65J7-GB43i1LlaCJWJ3bx3i7nWs/getUpdates "HTTP/1.1 200 OK"
[2025-05-23 12:24:48,832] INFO - HTTP Request: POST https://api.telegram.org/bot7685786328:AAEilDDS65J7-GB43i1LlaCJWJ3bx3i7nWs/getUpdates "HTTP/1.1 200 OK"
[2025-05-23 12:24:59,030] INFO - HTTP Request: POST https://api.telegram.org/bot7685786328:AAEilDDS65J7-GB43i1LlaCJWJ3bx3i7nWs/getUpdates "HTTP/1.1 200 OK"
[2025-05-23 12:25:09,220] INFO - HTTP Request: POST https://api.telegram.org/bot7685786328:AAEilDDS65J7-GB43i1LlaCJWJ3bx3i7nWs/getUpdates "HTTP/1.1 200 OK"
[2025-05-23 12:25:19,424] INFO - HTTP Request: POST https://api.telegram.org/bot7685786328:AAEilDDS65J7-GB43i1LlaCJWJ3bx3i7nWs/getUpdates "HTTP/1.1 200 OK"
[2025-05-23 12:25:29,628] INFO - HTTP Request: POST https://api.telegram.org/bot7685786328:AAEilDDS65J7-GB43i1LlaCJWJ3bx3i7nWs/getUpdates "HTTP/1.1 200 OK"
[2025-05-23 12:25:39,826] INFO - HTTP Request: POST https://api.telegram.org/bot7685786328:AAEilDDS65J7-GB43i1LlaCJWJ3bx3i7nWs/getUpdates "HTTP/1.1 200 OK"
[2025-05-23 12:25:50,020] INFO - HTTP Request: POST https://api.telegram.org/bot7685786328:AAEilDDS65J7-GB43i1LlaCJWJ3bx3i7nWs/getUpdates "HTTP/1.1 200 OK"
[2025-05-23 12:26:00,207] INFO - HTTP Request: POST https://api.telegram.org/bot7685786328:AAEilDDS65J7-GB43i1LlaCJWJ3bx3i7nWs/getUpdates "HTTP/1.1 200 OK"
[2025-05-23 12:26:10,402] INFO - HTTP Request: POST https://api.telegram.org/bot7685786328:AAEilDDS65J7-GB43i1LlaCJWJ3bx3i7nWs/getUpdates "HTTP/1.1 200 OK"
[2025-05-23 12:26:20,604] INFO - HTTP Request: POST https://api.telegram.org/bot7685786328:AAEilDDS65J7-GB43i1LlaCJWJ3bx3i7nWs/getUpdates "HTTP/1.1 200 OK"
[2025-05-23 12:26:30,808] INFO - HTTP Request: POST https://api.telegram.org/bot7685786328:AAEilDDS65J7-GB43i1LlaCJWJ3bx3i7nWs/getUpdates "HTTP/1.1 200 OK"
[2025-05-23 12:26:41,018] INFO - HTTP Request: POST https://api.telegram.org/bot7685786328:AAEilDDS65J7-GB43i1LlaCJWJ3bx3i7nWs/getUpdates "HTTP/1.1 200 OK"
[2025-05-23 12:26:51,217] INFO - HTTP Request: POST https://api.telegram.org/bot7685786328:AAEilDDS65J7-GB43i1LlaCJWJ3bx3i7nWs/getUpdates "HTTP/1.1 200 OK"
[2025-05-23 12:27:01,423] INFO - HTTP Request: POST https://api.telegram.org/bot7685786328:AAEilDDS65J7-GB43i1LlaCJWJ3bx3i7nWs/getUpdates "HTTP/1.1 200 OK"
[2025-05-23 12:27:11,614] INFO - HTTP Request: POST https://api.telegram.org/bot7685786328:AAEilDDS65J7-GB43i1LlaCJWJ3bx3i7nWs/getUpdates "HTTP/1.1 200 OK"
[2025-05-23 12:27:21,815] INFO - HTTP Request: POST https://api.telegram.org/bot7685786328:AAEilDDS65J7-GB43i1LlaCJWJ3bx3i7nWs/getUpdates "HTTP/1.1 200 OK"
[2025-05-23 13:39:45,512] ERROR - Error while calling `get_updates` one more time to mark all fetched updates as read: %s. Suppressing error to ensure graceful shutdown. When polling for updates is restarted, updates may be fetched again. Please adjust timeouts via `ApplicationBuilder` or the parameter `get_updates_request` of `Bot`.
Traceback (most recent call last):
  File "C:\Users\bwgya\AppData\Local\Programs\Python\Python312\Lib\site-packages\httpx\_transports\default.py", line 101, in map_httpcore_exceptions
    yield
  File "C:\Users\bwgya\AppData\Local\Programs\Python\Python312\Lib\site-packages\httpx\_transports\default.py", line 394, in handle_async_request
    resp = await self._pool.handle_async_request(req)
           ^^^^^^^^^^^^^^^^^^^^^^^^^^^^^^^^^^^^^^^^^^
  File "C:\Users\bwgya\AppData\Local\Programs\Python\Python312\Lib\site-packages\httpcore\_async\connection_pool.py", line 256, in handle_async_request
    raise exc from None
  File "C:\Users\bwgya\AppData\Local\Programs\Python\Python312\Lib\site-packages\httpcore\_async\connection_pool.py", line 236, in handle_async_request
    response = await connection.handle_async_request(
               ^^^^^^^^^^^^^^^^^^^^^^^^^^^^^^^^^^^^^^
  File "C:\Users\bwgya\AppData\Local\Programs\Python\Python312\Lib\site-packages\httpcore\_async\connection.py", line 101, in handle_async_request
    raise exc
  File "C:\Users\bwgya\AppData\Local\Programs\Python\Python312\Lib\site-packages\httpcore\_async\connection.py", line 78, in handle_async_request
    stream = await self._connect(request)
             ^^^^^^^^^^^^^^^^^^^^^^^^^^^^
  File "C:\Users\bwgya\AppData\Local\Programs\Python\Python312\Lib\site-packages\httpcore\_async\connection.py", line 124, in _connect
    stream = await self._network_backend.connect_tcp(**kwargs)
             ^^^^^^^^^^^^^^^^^^^^^^^^^^^^^^^^^^^^^^^^^^^^^^^^^
  File "C:\Users\bwgya\AppData\Local\Programs\Python\Python312\Lib\site-packages\httpcore\_backends\auto.py", line 31, in connect_tcp
    return await self._backend.connect_tcp(
           ^^^^^^^^^^^^^^^^^^^^^^^^^^^^^^^^
  File "C:\Users\bwgya\AppData\Local\Programs\Python\Python312\Lib\site-packages\httpcore\_backends\anyio.py", line 113, in connect_tcp
    with map_exceptions(exc_map):
  File "C:\Users\bwgya\AppData\Local\Programs\Python\Python312\Lib\contextlib.py", line 158, in __exit__
    self.gen.throw(value)
  File "C:\Users\bwgya\AppData\Local\Programs\Python\Python312\Lib\site-packages\httpcore\_exceptions.py", line 14, in map_exceptions
    raise to_exc(exc) from exc
httpcore.ConnectTimeout

The above exception was the direct cause of the following exception:

Traceback (most recent call last):
  File "C:\Users\bwgya\AppData\Local\Programs\Python\Python312\Lib\site-packages\telegram\request\_httpxrequest.py", line 277, in do_request
    res = await self._client.request(
          ^^^^^^^^^^^^^^^^^^^^^^^^^^^
  File "C:\Users\bwgya\AppData\Local\Programs\Python\Python312\Lib\site-packages\httpx\_client.py", line 1540, in request
    return await self.send(request, auth=auth, follow_redirects=follow_redirects)
           ^^^^^^^^^^^^^^^^^^^^^^^^^^^^^^^^^^^^^^^^^^^^^^^^^^^^^^^^^^^^^^^^^^^^^^
  File "C:\Users\bwgya\AppData\Local\Programs\Python\Python312\Lib\site-packages\httpx\_client.py", line 1629, in send
    response = await self._send_handling_auth(
               ^^^^^^^^^^^^^^^^^^^^^^^^^^^^^^^
  File "C:\Users\bwgya\AppData\Local\Programs\Python\Python312\Lib\site-packages\httpx\_client.py", line 1657, in _send_handling_auth
    response = await self._send_handling_redirects(
               ^^^^^^^^^^^^^^^^^^^^^^^^^^^^^^^^^^^^
  File "C:\Users\bwgya\AppData\Local\Programs\Python\Python312\Lib\site-packages\httpx\_client.py", line 1694, in _send_handling_redirects
    response = await self._send_single_request(request)
               ^^^^^^^^^^^^^^^^^^^^^^^^^^^^^^^^^^^^^^^^
  File "C:\Users\bwgya\AppData\Local\Programs\Python\Python312\Lib\site-packages\httpx\_client.py", line 1730, in _send_single_request
    response = await transport.handle_async_request(request)
               ^^^^^^^^^^^^^^^^^^^^^^^^^^^^^^^^^^^^^^^^^^^^^
  File "C:\Users\bwgya\AppData\Local\Programs\Python\Python312\Lib\site-packages\httpx\_transports\default.py", line 393, in handle_async_request
    with map_httpcore_exceptions():
  File "C:\Users\bwgya\AppData\Local\Programs\Python\Python312\Lib\contextlib.py", line 158, in __exit__
    self.gen.throw(value)
  File "C:\Users\bwgya\AppData\Local\Programs\Python\Python312\Lib\site-packages\httpx\_transports\default.py", line 118, in map_httpcore_exceptions
    raise mapped_exc(message) from exc
httpx.ConnectTimeout

The above exception was the direct cause of the following exception:

Traceback (most recent call last):
  File "C:\Users\bwgya\AppData\Local\Programs\Python\Python312\Lib\site-packages\telegram\ext\_updater.py", line 394, in _get_updates_cleanup
    await self.bot.get_updates(
  File "C:\Users\bwgya\AppData\Local\Programs\Python\Python312\Lib\site-packages\telegram\ext\_extbot.py", line 658, in get_updates
    updates = await super().get_updates(
              ^^^^^^^^^^^^^^^^^^^^^^^^^^
  File "C:\Users\bwgya\AppData\Local\Programs\Python\Python312\Lib\site-packages\telegram\_bot.py", line 4593, in get_updates
    await self._post(
  File "C:\Users\bwgya\AppData\Local\Programs\Python\Python312\Lib\site-packages\telegram\_bot.py", line 691, in _post
    return await self._do_post(
           ^^^^^^^^^^^^^^^^^^^^
  File "C:\Users\bwgya\AppData\Local\Programs\Python\Python312\Lib\site-packages\telegram\ext\_extbot.py", line 362, in _do_post
    return await super()._do_post(
           ^^^^^^^^^^^^^^^^^^^^^^^
  File "C:\Users\bwgya\AppData\Local\Programs\Python\Python312\Lib\site-packages\telegram\_bot.py", line 720, in _do_post
    result = await request.post(
             ^^^^^^^^^^^^^^^^^^^
  File "C:\Users\bwgya\AppData\Local\Programs\Python\Python312\Lib\site-packages\telegram\request\_baserequest.py", line 197, in post
    result = await self._request_wrapper(
             ^^^^^^^^^^^^^^^^^^^^^^^^^^^^
  File "C:\Users\bwgya\AppData\Local\Programs\Python\Python312\Lib\site-packages\telegram\request\_baserequest.py", line 304, in _request_wrapper
    code, payload = await self.do_request(
                    ^^^^^^^^^^^^^^^^^^^^^^
  File "C:\Users\bwgya\AppData\Local\Programs\Python\Python312\Lib\site-packages\telegram\request\_httpxrequest.py", line 294, in do_request
    raise TimedOut from err
telegram.error.TimedOut: Timed out
[2025-05-23 13:39:45,544] INFO - Application is stopping. This might take a moment.
[2025-05-23 13:39:45,544] INFO - Application.stop() complete
